Sat, 20 Feb 2021 18:47:58 GMT | INFO | request.log | Password Authenticate Session Cheker | 
Sat, 20 Feb 2021 18:47:58 GMT | INFO | request.log | Invalid Session, Redirecting to login page | 
Sat, 20 Feb 2021 18:47:58 GMT | INFO | request.log | Login Router is called. | 
Sat, 20 Feb 2021 18:48:12 GMT | INFO | request.log | Trying to log-in the user: WolvezineX0 | 
Sat, 20 Feb 2021 18:48:17 GMT | INFO | request.log | User is logged in: WolvezineX0 | 
Sat, 20 Feb 2021 18:48:17 GMT | INFO | request.log | Password Authenticate Session Cheker | 
Sat, 20 Feb 2021 18:48:17 GMT | INFO | request.log | Session is valid | 
Sat, 20 Feb 2021 19:00:22 GMT | INFO | request.log | Password Authenticate Session Cheker | 
Sat, 20 Feb 2021 19:00:22 GMT | INFO | request.log | Invalid Session, Redirecting to login page | 
Sat, 20 Feb 2021 19:00:22 GMT | INFO | request.log | Login Router is called. | 
Sat, 20 Feb 2021 19:00:23 GMT | INFO | request.log | Trying to log-in the user: WolvezineX0 | 
Sat, 20 Feb 2021 19:00:24 GMT | INFO | request.log | User is logged in: WolvezineX0 | 
Sat, 20 Feb 2021 19:00:24 GMT | INFO | request.log | Password Authenticate Session Cheker | 
Sat, 20 Feb 2021 19:00:24 GMT | INFO | request.log | Session is valid | 
Sat, 20 Feb 2021 19:01:43 GMT | INFO | request.log | Password Authenticate Session Cheker | 
Sat, 20 Feb 2021 19:01:43 GMT | INFO | request.log | Session is valid | 
Sat, 20 Feb 2021 19:16:56 GMT | INFO | request.log | Password Authenticate Session Cheker | 
Sat, 20 Feb 2021 19:16:56 GMT | INFO | request.log | Invalid Session, Redirecting to login page | 
Sat, 20 Feb 2021 19:16:56 GMT | INFO | request.log | Login Router is called. | 
Sat, 20 Feb 2021 19:16:57 GMT | INFO | request.log | Trying to log-in the user: WolvezineX0 | 
Sat, 20 Feb 2021 19:16:58 GMT | INFO | request.log | User is logged in: WolvezineX0 | 
Sat, 20 Feb 2021 19:16:58 GMT | INFO | request.log | Password Authenticate Session Cheker | 
Sat, 20 Feb 2021 19:16:58 GMT | INFO | request.log | Session is valid | 
Sat, 20 Feb 2021 19:23:58 GMT | INFO | request.log | Password Authenticate Session Cheker | 
Sat, 20 Feb 2021 19:23:58 GMT | INFO | request.log | Invalid Session, Redirecting to login page | 
Sat, 20 Feb 2021 19:23:58 GMT | INFO | request.log | Login Router is called. | 
Sat, 20 Feb 2021 19:23:59 GMT | INFO | request.log | Trying to log-in the user: WolvezineX0 | 
Sat, 20 Feb 2021 19:24:00 GMT | INFO | request.log | User is logged in: WolvezineX0 | 
Sat, 20 Feb 2021 19:24:00 GMT | INFO | request.log | Password Authenticate Session Cheker | 
Sat, 20 Feb 2021 19:24:00 GMT | INFO | request.log | Session is valid | 
Sat, 20 Feb 2021 19:26:57 GMT | INFO | request.log | Password Authenticate Session Cheker | 
Sat, 20 Feb 2021 19:26:57 GMT | INFO | request.log | Invalid Session, Redirecting to login page | 
Sat, 20 Feb 2021 19:26:57 GMT | INFO | request.log | Login Router is called. | 
Sat, 20 Feb 2021 19:26:59 GMT | INFO | request.log | Trying to log-in the user: WolvezineX0 | 
Sat, 20 Feb 2021 19:27:00 GMT | INFO | request.log | User is logged in: WolvezineX0 | 
Sat, 20 Feb 2021 19:27:00 GMT | INFO | request.log | Password Authenticate Session Cheker | 
Sat, 20 Feb 2021 19:27:00 GMT | INFO | request.log | Session is valid | 
Sat, 20 Feb 2021 19:27:43 GMT | INFO | request.log | Password Authenticate Session Cheker | 
Sat, 20 Feb 2021 19:27:43 GMT | INFO | request.log | Session is valid | 
Sat, 20 Feb 2021 19:36:59 GMT | INFO | request.log | Password Authenticate Session Cheker | 
Sat, 20 Feb 2021 19:36:59 GMT | INFO | request.log | Invalid Session, Redirecting to login page | 
Sat, 20 Feb 2021 19:36:59 GMT | INFO | request.log | Login Router is called. | 
Sat, 20 Feb 2021 19:37:00 GMT | INFO | request.log | Trying to log-in the user: WolvezineX0 | 
Sat, 20 Feb 2021 19:37:01 GMT | INFO | request.log | User is logged in: WolvezineX0 | 
Sat, 20 Feb 2021 19:37:01 GMT | INFO | request.log | Password Authenticate Session Cheker | 
Sat, 20 Feb 2021 19:37:01 GMT | INFO | request.log | Session is valid | 
Sat, 20 Feb 2021 19:38:00 GMT | INFO | request.log | Password Authenticate Session Cheker | 
Sat, 20 Feb 2021 19:38:00 GMT | INFO | request.log | Invalid Session, Redirecting to login page | 
Sat, 20 Feb 2021 19:38:00 GMT | INFO | request.log | Login Router is called. | 
Sat, 20 Feb 2021 19:38:03 GMT | INFO | request.log | Trying to log-in the user: WolvezineX0 | 
Sat, 20 Feb 2021 19:38:05 GMT | INFO | request.log | User is logged in: WolvezineX0 | 
Sat, 20 Feb 2021 19:38:05 GMT | INFO | request.log | Password Authenticate Session Cheker | 
Sat, 20 Feb 2021 19:38:05 GMT | INFO | request.log | Session is valid | 
Sat, 20 Feb 2021 19:38:36 GMT | INFO | request.log | Password Authenticate Session Cheker | 
Sat, 20 Feb 2021 19:38:36 GMT | INFO | request.log | Session is valid | 
Sat, 20 Feb 2021 19:40:44 GMT | INFO | request.log | Password Authenticate Session Cheker | 
Sat, 20 Feb 2021 19:40:44 GMT | INFO | request.log | Invalid Session, Redirecting to login page | 
Sat, 20 Feb 2021 19:40:44 GMT | INFO | request.log | Login Router is called. | 
Sat, 20 Feb 2021 19:40:46 GMT | INFO | request.log | Trying to log-in the user: WolvezineX0 | 
Sat, 20 Feb 2021 19:40:46 GMT | INFO | request.log | User is logged in: WolvezineX0 | 
Sat, 20 Feb 2021 19:40:46 GMT | INFO | request.log | Password Authenticate Session Cheker | 
Sat, 20 Feb 2021 19:40:46 GMT | INFO | request.log | Session is valid | 
Sat, 20 Feb 2021 19:40:55 GMT | INFO | request.log | Password Authenticate Session Cheker | 
Sat, 20 Feb 2021 19:40:55 GMT | INFO | request.log | Session is valid | 
Sat, 20 Feb 2021 19:45:17 GMT | INFO | request.log | Password Authenticate Session Cheker | 
Sat, 20 Feb 2021 19:45:17 GMT | INFO | request.log | Invalid Session, Redirecting to login page | 
Sat, 20 Feb 2021 19:45:17 GMT | INFO | request.log | Login Router is called. | 
Sat, 20 Feb 2021 19:45:18 GMT | INFO | request.log | Trying to log-in the user: WolvezineX0 | 
Sat, 20 Feb 2021 19:45:19 GMT | INFO | request.log | User is logged in: WolvezineX0 | 
Sat, 20 Feb 2021 19:45:19 GMT | INFO | request.log | Password Authenticate Session Cheker | 
Sat, 20 Feb 2021 19:45:19 GMT | INFO | request.log | Session is valid | 
Sat, 20 Feb 2021 19:45:27 GMT | INFO | request.log | Password Authenticate Session Cheker | 
Sat, 20 Feb 2021 19:45:27 GMT | INFO | request.log | Session is valid | 
Sat, 20 Feb 2021 19:47:14 GMT | INFO | request.log | Password Authenticate Session Cheker | 
Sat, 20 Feb 2021 19:47:14 GMT | INFO | request.log | Invalid Session, Redirecting to login page | 
Sat, 20 Feb 2021 19:47:14 GMT | INFO | request.log | Login Router is called. | 
Sat, 20 Feb 2021 19:47:15 GMT | INFO | request.log | Trying to log-in the user: WolvezineX0 | 
Sat, 20 Feb 2021 19:47:19 GMT | INFO | request.log | User is logged in: WolvezineX0 | 
Sat, 20 Feb 2021 19:47:19 GMT | INFO | request.log | Password Authenticate Session Cheker | 
Sat, 20 Feb 2021 19:47:19 GMT | INFO | request.log | Session is valid | 
Sat, 20 Feb 2021 19:47:35 GMT | INFO | request.log | Password Authenticate Session Cheker | 
Sat, 20 Feb 2021 19:47:35 GMT | INFO | request.log | Session is valid | 
Sat, 20 Feb 2021 19:49:49 GMT | INFO | request.log | Password Authenticate Session Cheker | 
Sat, 20 Feb 2021 19:49:49 GMT | INFO | request.log | Invalid Session, Redirecting to login page | 
Sat, 20 Feb 2021 19:49:49 GMT | INFO | request.log | Login Router is called. | 
Sat, 20 Feb 2021 19:49:50 GMT | INFO | request.log | Trying to log-in the user: WolvezineX0 | 
Sat, 20 Feb 2021 19:49:52 GMT | INFO | request.log | User is logged in: WolvezineX0 | 
Sat, 20 Feb 2021 19:49:53 GMT | INFO | request.log | Password Authenticate Session Cheker | 
Sat, 20 Feb 2021 19:49:53 GMT | INFO | request.log | Session is valid | 
Sat, 20 Feb 2021 19:50:01 GMT | INFO | request.log | Password Authenticate Session Cheker | 
Sat, 20 Feb 2021 19:50:01 GMT | INFO | request.log | Session is valid | 
Sat, 20 Feb 2021 20:08:33 GMT | INFO | request.log | Password Authenticate Session Cheker | 
Sat, 20 Feb 2021 20:08:33 GMT | INFO | request.log | Invalid Session, Redirecting to login page | 
Sat, 20 Feb 2021 20:08:33 GMT | INFO | request.log | Login Router is called. | 
Sat, 20 Feb 2021 20:08:35 GMT | INFO | request.log | Trying to log-in the user: WolvezineX0 | 
Sat, 20 Feb 2021 20:08:35 GMT | INFO | request.log | User is logged in: WolvezineX0 | 
Sat, 20 Feb 2021 20:08:35 GMT | INFO | request.log | Password Authenticate Session Cheker | 
Sat, 20 Feb 2021 20:08:35 GMT | INFO | request.log | Session is valid | 
Sat, 20 Feb 2021 20:21:00 GMT | INFO | request.log | Silent Session Checker | 
Sat, 20 Feb 2021 20:21:00 GMT | INFO | request.log | Invalid Session, Redirecting to authenticate | 
Sat, 20 Feb 2021 20:21:00 GMT | INFO | request.log | Trying to silently log-in the user: WolvezineX0. No password is required. | 
Sat, 20 Feb 2021 20:21:00 GMT | INFO | request.log | User is logged in: WolvezineX0 | 
Sat, 20 Feb 2021 20:21:00 GMT | INFO | request.log | Silent Session Checker | 
Sat, 20 Feb 2021 20:21:00 GMT | INFO | request.log | Session is Valid. | 
Sat, 20 Feb 2021 20:33:30 GMT | INFO | request.log | Silent Session Checker | 
Sat, 20 Feb 2021 20:33:30 GMT | INFO | request.log | Invalid Session, Redirecting to authenticate | 
Sat, 20 Feb 2021 20:33:30 GMT | INFO | request.log | Trying to silently log-in the user: WolvezineX0. No password is required. | 
Sat, 20 Feb 2021 20:33:30 GMT | INFO | request.log | User is logged in: WolvezineX0 | 
Sat, 20 Feb 2021 20:33:30 GMT | INFO | request.log | Silent Session Checker | 
Sat, 20 Feb 2021 20:33:30 GMT | INFO | request.log | Session is Valid. | 
Sat, 20 Feb 2021 20:33:42 GMT | INFO | request.log | Password Authenticate Session Cheker | 
Sat, 20 Feb 2021 20:33:42 GMT | INFO | request.log | Invalid Session, Redirecting to login page | 
Sat, 20 Feb 2021 20:33:42 GMT | INFO | request.log | Login Router is called. | 
Sat, 20 Feb 2021 20:33:43 GMT | INFO | request.log | Trying to log-in the user: WolvezineX0 | 
Sat, 20 Feb 2021 20:33:44 GMT | INFO | request.log | User is logged in: WolvezineX0 | 
Sat, 20 Feb 2021 20:33:44 GMT | INFO | request.log | Password Authenticate Session Cheker | 
Sat, 20 Feb 2021 20:33:44 GMT | INFO | request.log | Session is valid | 
Sat, 20 Feb 2021 20:33:59 GMT | INFO | request.log | Silent Session Checker | 
Sat, 20 Feb 2021 20:33:59 GMT | INFO | request.log | Session is Valid. | 
Sat, 20 Feb 2021 20:38:11 GMT | INFO | request.log | Password Authenticate Session Cheker | 
Sat, 20 Feb 2021 20:38:11 GMT | INFO | request.log | Session is valid | 
Sat, 20 Feb 2021 20:39:58 GMT | INFO | request.log | Password Authenticate Session Cheker | 
Sat, 20 Feb 2021 20:39:58 GMT | INFO | request.log | Invalid Session, Redirecting to login page | 
Sat, 20 Feb 2021 20:39:58 GMT | INFO | request.log | Login Router is called. | 
Sat, 20 Feb 2021 20:39:59 GMT | INFO | request.log | Trying to log-in the user: WolvezineX0 | 
Sat, 20 Feb 2021 20:40:00 GMT | INFO | request.log | User is logged in: WolvezineX0 | 
Sat, 20 Feb 2021 20:40:00 GMT | INFO | request.log | Password Authenticate Session Cheker | 
Sat, 20 Feb 2021 20:40:00 GMT | INFO | request.log | Session is valid | 
Sat, 20 Feb 2021 20:40:43 GMT | INFO | request.log | Silent Session Checker | 
Sat, 20 Feb 2021 20:40:43 GMT | INFO | request.log | Session is Valid. | 
Sat, 20 Feb 2021 20:41:13 GMT | INFO | request.log | Password Authenticate Session Cheker | 
Sat, 20 Feb 2021 20:41:13 GMT | INFO | request.log | Session is valid | 
Sat, 20 Feb 2021 20:41:15 GMT | INFO | request.log | Password Authenticate Session Cheker | 
Sat, 20 Feb 2021 20:41:15 GMT | INFO | request.log | Session is valid | 
Sat, 20 Feb 2021 20:42:01 GMT | INFO | request.log | Password Authenticate Session Cheker | 
Sat, 20 Feb 2021 20:42:01 GMT | INFO | request.log | Invalid Session, Redirecting to login page | 
Sat, 20 Feb 2021 20:42:01 GMT | INFO | request.log | Login Router is called. | 
Sat, 20 Feb 2021 20:42:02 GMT | INFO | request.log | Trying to log-in the user: WolvezineX0 | 
Sat, 20 Feb 2021 20:42:03 GMT | INFO | request.log | User is logged in: WolvezineX0 | 
Sat, 20 Feb 2021 20:42:04 GMT | INFO | request.log | Password Authenticate Session Cheker | 
Sat, 20 Feb 2021 20:42:04 GMT | INFO | request.log | Session is valid | 
Sat, 20 Feb 2021 20:42:06 GMT | INFO | request.log | Password Authenticate Session Cheker | 
Sat, 20 Feb 2021 20:42:06 GMT | INFO | request.log | Session is valid | 
Sat, 20 Feb 2021 20:44:07 GMT | INFO | request.log | Password Authenticate Session Cheker | 
Sat, 20 Feb 2021 20:44:07 GMT | INFO | request.log | Invalid Session, Redirecting to login page | 
Sat, 20 Feb 2021 20:44:07 GMT | INFO | request.log | Login Router is called. | 
Sat, 20 Feb 2021 20:44:16 GMT | INFO | request.log | Trying to log-in the user: WolvezineX0 | 
Sat, 20 Feb 2021 20:44:23 GMT | INFO | request.log | User is logged in: WolvezineX0 | 
Sat, 20 Feb 2021 20:44:23 GMT | INFO | request.log | Password Authenticate Session Cheker | 
Sat, 20 Feb 2021 20:44:23 GMT | INFO | request.log | Session is valid | 
Sat, 20 Feb 2021 20:44:26 GMT | INFO | request.log | Password Authenticate Session Cheker | 
Sat, 20 Feb 2021 20:44:26 GMT | INFO | request.log | Session is valid | 
Sat, 20 Feb 2021 20:46:29 GMT | INFO | request.log | Password Authenticate Session Cheker | 
Sat, 20 Feb 2021 20:46:29 GMT | INFO | request.log | Session is valid | 
Sat, 20 Feb 2021 20:46:32 GMT | INFO | request.log | Password Authenticate Session Cheker | 
Sat, 20 Feb 2021 20:46:32 GMT | INFO | request.log | Session is valid | 
Sat, 20 Feb 2021 20:50:19 GMT | INFO | request.log | Password Authenticate Session Cheker | 
Sat, 20 Feb 2021 20:50:19 GMT | INFO | request.log | Session is valid | 
Sat, 20 Feb 2021 20:51:21 GMT | INFO | request.log | Silent Session Checker | 
Sat, 20 Feb 2021 20:51:21 GMT | INFO | request.log | Session is Valid. | 
Sat, 20 Feb 2021 20:51:38 GMT | INFO | request.log | Silent Session Checker | 
Sat, 20 Feb 2021 20:51:38 GMT | INFO | request.log | Session is Valid. | 
Sat, 20 Feb 2021 20:51:53 GMT | INFO | request.log | Silent Session Checker | 
Sat, 20 Feb 2021 20:51:53 GMT | INFO | request.log | Session is Valid. | 
Sat, 20 Feb 2021 20:52:01 GMT | INFO | request.log | Silent Session Checker | 
Sat, 20 Feb 2021 20:52:01 GMT | INFO | request.log | Session is Valid. | 
Sat, 20 Feb 2021 20:53:33 GMT | INFO | request.log | Silent Session Checker | 
Sat, 20 Feb 2021 20:53:33 GMT | INFO | request.log | Session is Valid. | 
Sat, 20 Feb 2021 21:00:42 GMT | INFO | request.log | Password Authenticate Session Cheker | 
Sat, 20 Feb 2021 21:00:42 GMT | INFO | request.log | Session is valid | 
Sat, 20 Feb 2021 21:03:39 GMT | INFO | request.log | Password Authenticate Session Cheker | 
Sat, 20 Feb 2021 21:03:39 GMT | INFO | request.log | Session is valid | 
Sat, 20 Feb 2021 21:10:04 GMT | INFO | request.log | Password Authenticate Session Cheker | 
Sat, 20 Feb 2021 21:10:04 GMT | INFO | request.log | Invalid Session, Redirecting to login page | 
Sat, 20 Feb 2021 21:10:04 GMT | INFO | request.log | Login Router is called. | 
Sat, 20 Feb 2021 21:10:07 GMT | INFO | request.log | Trying to log-in the user: WolvezineX0 | 
Sat, 20 Feb 2021 21:10:07 GMT | INFO | request.log | User is logged in: WolvezineX0 | 
Sat, 20 Feb 2021 21:10:07 GMT | INFO | request.log | Password Authenticate Session Cheker | 
Sat, 20 Feb 2021 21:10:07 GMT | INFO | request.log | Session is valid | 
Sat, 20 Feb 2021 21:14:42 GMT | INFO | request.log | Password Authenticate Session Cheker | 
Sat, 20 Feb 2021 21:14:42 GMT | INFO | request.log | Invalid Session, Redirecting to login page | 
Sat, 20 Feb 2021 21:14:42 GMT | INFO | request.log | Login Router is called. | 
Sat, 20 Feb 2021 21:14:44 GMT | INFO | request.log | Trying to log-in the user: WolvezineX0 | 
Sat, 20 Feb 2021 21:14:44 GMT | INFO | request.log | User is logged in: WolvezineX0 | 
Sat, 20 Feb 2021 21:14:44 GMT | INFO | request.log | Password Authenticate Session Cheker | 
Sat, 20 Feb 2021 21:14:44 GMT | INFO | request.log | Session is valid | 
Sat, 20 Feb 2021 21:30:28 GMT | INFO | request.log | Password Authenticate Session Cheker | 
Sat, 20 Feb 2021 21:30:28 GMT | INFO | request.log | Invalid Session, Redirecting to login page | 
Sat, 20 Feb 2021 21:30:28 GMT | INFO | request.log | Login Router is called. | 
Sat, 20 Feb 2021 21:30:30 GMT | INFO | request.log | Trying to log-in the user: WolvezineX0 | 
Sat, 20 Feb 2021 21:30:31 GMT | INFO | request.log | User is logged in: WolvezineX0 | 
Sat, 20 Feb 2021 21:30:31 GMT | INFO | request.log | Password Authenticate Session Cheker | 
Sat, 20 Feb 2021 21:30:31 GMT | INFO | request.log | Session is valid | 
Sat, 20 Feb 2021 21:31:48 GMT | INFO | request.log | Password Authenticate Session Cheker | 
Sat, 20 Feb 2021 21:31:48 GMT | INFO | request.log | Invalid Session, Redirecting to login page | 
Sat, 20 Feb 2021 21:31:49 GMT | INFO | request.log | Login Router is called. | 
Sat, 20 Feb 2021 21:31:50 GMT | INFO | request.log | Trying to log-in the user: WolvezineX0 | 
Sat, 20 Feb 2021 21:31:52 GMT | INFO | request.log | User is logged in: WolvezineX0 | 
Sat, 20 Feb 2021 21:31:52 GMT | INFO | request.log | Password Authenticate Session Cheker | 
Sat, 20 Feb 2021 21:31:52 GMT | INFO | request.log | Session is valid | 
Sat, 20 Feb 2021 21:34:12 GMT | INFO | request.log | Password Authenticate Session Cheker | 
Sat, 20 Feb 2021 21:34:12 GMT | INFO | request.log | Session is valid | 
Sat, 20 Feb 2021 21:37:37 GMT | INFO | request.log | Password Authenticate Session Cheker | 
Sat, 20 Feb 2021 21:37:37 GMT | INFO | request.log | Invalid Session, Redirecting to login page | 
Sat, 20 Feb 2021 21:37:37 GMT | INFO | request.log | Login Router is called. | 
Sat, 20 Feb 2021 21:37:39 GMT | INFO | request.log | Trying to log-in the user: WolvezineX0 | 
Sat, 20 Feb 2021 21:37:39 GMT | INFO | request.log | User is logged in: WolvezineX0 | 
Sat, 20 Feb 2021 21:37:39 GMT | INFO | request.log | Password Authenticate Session Cheker | 
Sat, 20 Feb 2021 21:37:39 GMT | INFO | request.log | Session is valid | 
Sat, 20 Feb 2021 21:41:05 GMT | INFO | request.log | Password Authenticate Session Cheker | 
Sat, 20 Feb 2021 21:41:05 GMT | INFO | request.log | Invalid Session, Redirecting to login page | 
Sat, 20 Feb 2021 21:41:05 GMT | INFO | request.log | Login Router is called. | 
Sat, 20 Feb 2021 21:41:08 GMT | INFO | request.log | Trying to log-in the user: WolvezineX0 | 
Sat, 20 Feb 2021 21:41:08 GMT | INFO | request.log | User is logged in: WolvezineX0 | 
Sat, 20 Feb 2021 21:41:08 GMT | INFO | request.log | Password Authenticate Session Cheker | 
Sat, 20 Feb 2021 21:41:08 GMT | INFO | request.log | Session is valid | 
Sat, 20 Feb 2021 21:43:07 GMT | INFO | request.log | Password Authenticate Session Cheker | 
Sat, 20 Feb 2021 21:43:07 GMT | INFO | request.log | Invalid Session, Redirecting to login page | 
Sat, 20 Feb 2021 21:43:07 GMT | INFO | request.log | Login Router is called. | 
Sat, 20 Feb 2021 21:43:09 GMT | INFO | request.log | Trying to log-in the user: WolvezineX0 | 
Sat, 20 Feb 2021 21:43:12 GMT | INFO | request.log | User is logged in: WolvezineX0 | 
Sat, 20 Feb 2021 21:43:12 GMT | INFO | request.log | Password Authenticate Session Cheker | 
Sat, 20 Feb 2021 21:43:12 GMT | INFO | request.log | Session is valid | 
Sat, 20 Feb 2021 21:56:06 GMT | INFO | request.log | Password Authenticate Session Cheker | 
Sat, 20 Feb 2021 21:56:06 GMT | INFO | request.log | Invalid Session, Redirecting to login page | 
Sat, 20 Feb 2021 21:56:06 GMT | INFO | request.log | Login Router is called. | 
Sat, 20 Feb 2021 21:56:11 GMT | INFO | request.log | Trying to log-in the user: WolvezineX0 | 
Sat, 20 Feb 2021 21:56:13 GMT | INFO | request.log | User is logged in: WolvezineX0 | 
Sat, 20 Feb 2021 21:56:13 GMT | INFO | request.log | Password Authenticate Session Cheker | 
Sat, 20 Feb 2021 21:56:13 GMT | INFO | request.log | Session is valid | 
Sat, 20 Feb 2021 22:03:06 GMT | INFO | request.log | Password Authenticate Session Cheker | 
Sat, 20 Feb 2021 22:03:06 GMT | INFO | request.log | Invalid Session, Redirecting to login page | 
Sat, 20 Feb 2021 22:03:06 GMT | INFO | request.log | Login Router is called. | 
Sat, 20 Feb 2021 22:03:08 GMT | INFO | request.log | Trying to log-in the user: WolvezineX0 | 
Sat, 20 Feb 2021 22:03:08 GMT | INFO | request.log | User is logged in: WolvezineX0 | 
Sat, 20 Feb 2021 22:03:08 GMT | INFO | request.log | Password Authenticate Session Cheker | 
Sat, 20 Feb 2021 22:03:08 GMT | INFO | request.log | Session is valid | 
Sat, 20 Feb 2021 22:04:59 GMT | INFO | request.log | Password Authenticate Session Cheker | 
Sat, 20 Feb 2021 22:04:59 GMT | INFO | request.log | Session is valid | 
Sat, 20 Feb 2021 22:12:41 GMT | INFO | request.log | Password Authenticate Session Cheker | 
Sat, 20 Feb 2021 22:12:41 GMT | INFO | request.log | Invalid Session, Redirecting to login page | 
Sat, 20 Feb 2021 22:12:41 GMT | INFO | request.log | Login Router is called. | 
Sat, 20 Feb 2021 22:12:42 GMT | INFO | request.log | Trying to log-in the user: WolvezineX0 | 
Sat, 20 Feb 2021 22:12:42 GMT | INFO | request.log | User is logged in: WolvezineX0 | 
Sat, 20 Feb 2021 22:12:42 GMT | INFO | request.log | Password Authenticate Session Cheker | 
Sat, 20 Feb 2021 22:12:42 GMT | INFO | request.log | Session is valid | 
Sat, 20 Feb 2021 22:13:22 GMT | INFO | request.log | Password Authenticate Session Cheker | 
Sat, 20 Feb 2021 22:13:22 GMT | INFO | request.log | Invalid Session, Redirecting to login page | 
Sat, 20 Feb 2021 22:13:22 GMT | INFO | request.log | Login Router is called. | 
Sat, 20 Feb 2021 22:13:23 GMT | INFO | request.log | Trying to log-in the user: WolvezineX0 | 
Sat, 20 Feb 2021 22:13:24 GMT | INFO | request.log | User is logged in: WolvezineX0 | 
Sat, 20 Feb 2021 22:13:24 GMT | INFO | request.log | Password Authenticate Session Cheker | 
Sat, 20 Feb 2021 22:13:24 GMT | INFO | request.log | Session is valid | 
Sat, 20 Feb 2021 22:17:42 GMT | INFO | request.log | Password Authenticate Session Cheker | 
Sat, 20 Feb 2021 22:17:42 GMT | INFO | request.log | Invalid Session, Redirecting to login page | 
Sat, 20 Feb 2021 22:17:42 GMT | INFO | request.log | Login Router is called. | 
Sat, 20 Feb 2021 22:17:43 GMT | INFO | request.log | Trying to log-in the user: WolvezineX0 | 
Sat, 20 Feb 2021 22:17:44 GMT | INFO | request.log | User is logged in: WolvezineX0 | 
Sat, 20 Feb 2021 22:17:44 GMT | INFO | request.log | Password Authenticate Session Cheker | 
Sat, 20 Feb 2021 22:17:44 GMT | INFO | request.log | Session is valid | 
Sat, 20 Feb 2021 22:18:15 GMT | INFO | request.log | Password Authenticate Session Cheker | 
Sat, 20 Feb 2021 22:18:15 GMT | INFO | request.log | Session is valid | 
Sat, 20 Feb 2021 22:20:51 GMT | INFO | request.log | Password Authenticate Session Cheker | 
Sat, 20 Feb 2021 22:20:51 GMT | INFO | request.log | Invalid Session, Redirecting to login page | 
Sat, 20 Feb 2021 22:20:51 GMT | INFO | request.log | Login Router is called. | 
Sat, 20 Feb 2021 22:23:16 GMT | INFO | request.log | Login Router is called. | 
Sat, 20 Feb 2021 22:23:18 GMT | INFO | request.log | Trying to log-in the user: WolvezineX0 | 
Sat, 20 Feb 2021 22:23:20 GMT | INFO | request.log | User is logged in: WolvezineX0 | 
Sat, 20 Feb 2021 22:23:20 GMT | INFO | request.log | Password Authenticate Session Cheker | 
Sat, 20 Feb 2021 22:23:20 GMT | INFO | request.log | Session is valid | 
Sat, 20 Feb 2021 22:23:38 GMT | INFO | request.log | Silent Session Checker | 
Sat, 20 Feb 2021 22:23:38 GMT | INFO | request.log | Session is Valid. | 
Sat, 20 Feb 2021 22:25:26 GMT | INFO | request.log | Silent Session Checker | 
Sat, 20 Feb 2021 22:25:26 GMT | INFO | request.log | Invalid Session, Redirecting to authenticate | 
Sat, 20 Feb 2021 22:25:26 GMT | INFO | request.log | Trying to silently log-in the user: WolvezineX0. No password is required. | 
Sat, 20 Feb 2021 22:25:31 GMT | INFO | request.log | User is logged in: WolvezineX0 | 
Sat, 20 Feb 2021 22:25:31 GMT | INFO | request.log | Silent Session Checker | 
Sat, 20 Feb 2021 22:25:31 GMT | INFO | request.log | Session is Valid. | 
Sat, 20 Feb 2021 22:25:52 GMT | INFO | request.log | Password Authenticate Session Cheker | 
Sat, 20 Feb 2021 22:25:52 GMT | INFO | request.log | Invalid Session, Redirecting to login page | 
Sat, 20 Feb 2021 22:25:52 GMT | INFO | request.log | Login Router is called. | 
Sat, 20 Feb 2021 22:25:53 GMT | INFO | request.log | Trying to log-in the user: WolvezineX0 | 
Sat, 20 Feb 2021 22:25:54 GMT | INFO | request.log | User is logged in: WolvezineX0 | 
Sat, 20 Feb 2021 22:25:54 GMT | INFO | request.log | Password Authenticate Session Cheker | 
Sat, 20 Feb 2021 22:25:54 GMT | INFO | request.log | Session is valid | 
Sat, 20 Feb 2021 22:29:18 GMT | INFO | request.log | Password Authenticate Session Cheker | 
Sat, 20 Feb 2021 22:29:18 GMT | INFO | request.log | Invalid Session, Redirecting to login page | 
Sat, 20 Feb 2021 22:29:18 GMT | INFO | request.log | Login Router is called. | 
Sat, 20 Feb 2021 22:29:19 GMT | INFO | request.log | Trying to log-in the user: WolvezineX0 | 
Sat, 20 Feb 2021 22:29:19 GMT | INFO | request.log | User is logged in: WolvezineX0 | 
Sat, 20 Feb 2021 22:29:19 GMT | INFO | request.log | Password Authenticate Session Cheker | 
Sat, 20 Feb 2021 22:29:19 GMT | INFO | request.log | Session is valid | 
Sat, 20 Feb 2021 22:29:50 GMT | INFO | request.log | Password Authenticate Session Cheker | 
Sat, 20 Feb 2021 22:29:50 GMT | INFO | request.log | Session is valid | 
Sat, 20 Feb 2021 22:51:57 GMT | INFO | request.log | Silent Session Checker | 
Sat, 20 Feb 2021 22:51:57 GMT | INFO | request.log | Session is Valid. | 
